<?xml version="1.0" encoding="UTF-8"?>
<!-- Generated by org.testng.reporters.JUnitReportReporter -->
<testsuite hostname="QT-INNO-LT0915" failures="0" tests="1" name="xpathPractice.xpath" time="32.197" errors="0" timestamp="01 Nov 2021 10:14:50 GMT" skipped="0">
  <testcase classname="xpathPractice.xpath" name="xpathprec" time="32.197"/>
</testsuite> <!-- xpathPractice.xpath -->
